_pjs_undefined
_pjs_boolean
_pjs_number
_pjs_string
_pjs_object
_pjs_array
_pjs_copy
_pjs_hold
_pjs_free
_pjs_type_of
_pjs_class_of
_pjs_class_id
_pjs_is_undefined
_pjs_is_null
_pjs_is_nullish
_pjs_is_empty_string
_pjs_is_instance_of
_pjs_is_array
_pjs_is_function
_pjs_is_equal
_pjs_is_identical
_pjs_to_boolean
_pjs_to_number
_pjs_to_string
_pjs_string_get_length
_pjs_string_get_char_code
_pjs_string_get_utf8_size
_pjs_string_get_utf8_data
_pjs_object_get_property
_pjs_object_set_property
_pjs_object_delete
_pjs_object_iterate
_pjs_array_get_length
_pjs_array_set_length
_pjs_array_get_element
_pjs_array_set_element
_pjs_array_delete
_pjs_array_push
_pjs_array_pop
_pjs_array_shift
_pjs_array_unshift
_pjs_array_splice
_pipy_is_Data
_pipy_is_MessageStart
_pipy_is_MessageEnd
_pipy_is_StreamEnd
_pipy_Data_new
_pipy_Data_push
_pipy_Data_pop
_pipy_Data_shift
_pipy_Data_get_size
_pipy_Data_get_data
_pipy_MessageStart_new
_pipy_MessageStart_get_head
_pipy_MessageEnd_new
_pipy_MessageEnd_get_tail
_pipy_MessageEnd_get_payload
_pipy_StreamEnd_new
_pipy_StreamEnd_get_error
_pipy_output_event
_pipy_get_variable
_pipy_set_variable
